<?xml version="1.0" encoding="UTF-8"?>
<!-- Generated by org.testng.reporters.JUnitReportReporter -->
<testsuite hostname="ASTIN-270" name="testAIO.AioLoginPost" tests="1" failures="0" timestamp="12 Jun 2020 06:35:14 GMT" time="5.242" errors="0">
  <testcase name="postLoginAPI" time="5.242" classname="testAIO.AioLoginPost"/>
</testsuite> <!-- testAIO.AioLoginPost -->
